<?xml version="1.0" encoding="UTF-8"?>
<!-- Generated by org.testng.reporters.JUnitReportReporter -->
<testsuite hostname="Anusha" failures="0" tests="1" name="Test1.Take1" time="7.030" errors="0" timestamp="2024-08-01T14:45:54 IST" skipped="0">
  <testcase classname="Test1.Take1" name="net" time="7.030"/>
  <system-out/>
</testsuite> <!-- Test1.Take1 -->
