<?xml version="1.0" encoding="UTF-8"?>
<!-- Generated by org.testng.reporters.JUnitReportReporter -->
<testsuite hostname="Anusha" failures="0" tests="1" name="Test.Test1" time="8.730" errors="0" timestamp="2024-07-31T15:22:45 IST" skipped="0">
  <testcase classname="Test.Test1" name="newone" time="8.730"/>
  <system-out>
    <![CDATA[count]]>
  </system-out>
</testsuite> <!-- Test.Test1 -->
