<?xml version="1.0" encoding="UTF-8"?>
<!-- Generated by org.testng.reporters.JUnitReportReporter -->
<testsuite hostname="Anusha" failures="0" tests="2" name="Test1.Runner2" time="18.767" errors="0" timestamp="2024-08-03T15:14:57 IST" skipped="0">
  <testcase classname="Test1.Runner2" name="log" time="9.905"/>
  <system-out/>
  <testcase classname="Test1.Runner2" name="log1" time="8.862"/>
  <system-out/>
</testsuite> <!-- Test1.Runner2 -->
