<?xml version="1.0" encoding="UTF-8"?>
<!-- Generated by org.testng.reporters.JUnitReportReporter -->
<testsuite hostname="Anusha" failures="0" tests="1" name="Test1.start1" time="2.172" errors="0" timestamp="2024-08-01T14:45:54 IST" skipped="0">
  <testcase classname="Test1.start1" name="next" time="2.172"/>
  <system-out/>
</testsuite> <!-- Test1.start1 -->
