<?xml version="1.0" encoding="UTF-8"?>
<!-- Generated by org.testng.reporters.JUnitReportReporter -->
<testsuite hostname="Anusha" failures="0" tests="1" name="TestScript.Dealsdray" time="9.075" errors="0" timestamp="2024-08-12T08:32:46 IST" skipped="0">
  <testcase classname="TestScript.Dealsdray" name="start" time="9.075"/>
  <system-out/>
</testsuite> <!-- TestScript.Dealsdray -->
