<?xml version="1.0" encoding="UTF-8"?>
<!-- Generated by org.testng.reporters.JUnitReportReporter -->
<testsuite hostname="Anusha" failures="0" tests="1" name="Test.start" time="8.141" errors="0" timestamp="2024-07-31T15:22:45 IST" skipped="0">
  <testcase classname="Test.start" name="trty" time="8.141"/>
  <system-out/>
</testsuite> <!-- Test.start -->
