<?xml version="1.0" encoding="UTF-8"?>
<!-- Generated by org.testng.reporters.JUnitReportReporter -->
<testsuite hostname="Anusha" failures="0" tests="5" name="TestScript.DealsdryUI" time="60.573" errors="0" timestamp="2024-08-12T08:38:25 IST" skipped="0">
  <testcase classname="TestScript.DealsdryUI" name="forth" time="11.662"/>
  <system-out/>
  <testcase classname="TestScript.DealsdryUI" name="deal" time="12.494"/>
  <system-out/>
  <testcase classname="TestScript.DealsdryUI" name="second" time="11.463"/>
  <system-out/>
  <testcase classname="TestScript.DealsdryUI" name="five" time="10.627"/>
  <system-out/>
  <testcase classname="TestScript.DealsdryUI" name="third" time="14.327"/>
  <system-out/>
</testsuite> <!-- TestScript.DealsdryUI -->
